2020-05-10 11:19:39,103 0      [           main] INFO  DefaultTestContextBootstrapper  - Loaded default TestExecutionListener class names from location [META-INF/spring.factories]: [org.springframework.test.context.web.ServletTestExecutionListener, org.springframework.test.context.support.DirtiesContextBeforeModesTestExecutionListener, org.springframework.test.context.support.DependencyInjectionTestExecutionListener, org.springframework.test.context.support.DirtiesContextTestExecutionListener, org.springframework.test.context.transaction.TransactionalTestExecutionListener, org.springframework.test.context.jdbc.SqlScriptsTestExecutionListener]
2020-05-10 11:19:39,256 153    [           main] INFO  DefaultTestContextBootstrapper  - Using TestExecutionListeners: [org.springframework.test.context.web.ServletTestExecutionListener@64bfbc86, org.springframework.test.context.support.DirtiesContextBeforeModesTestExecutionListener@64bf3bbf, org.springframework.test.context.support.DependencyInjectionTestExecutionListener@55d56113, org.springframework.test.context.support.DirtiesContextTestExecutionListener@148080bb, org.springframework.test.context.transaction.TransactionalTestExecutionListener@dc24521, org.springframework.test.context.jdbc.SqlScriptsTestExecutionListener@10bdf5e5]
2020-05-10 11:19:39,695 592    [           main] INFO  ry.xml.XmlBeanDefinitionReader  - Loading XML bean definitions from class path resource [applicationContext.xml]
2020-05-10 11:19:40,291 1188   [           main] INFO  port.GenericApplicationContext  - Refreshing org.springframework.context.support.GenericApplicationContext@4f063c0a: startup date [Sun May 10 11:19:40 CST 2020]; root of context hierarchy
2020-05-10 11:19:40,949 1846   [           main] INFO         com.mchange.v2.log.MLog  - MLog clients using log4j logging.
2020-05-10 11:19:42,000 2897   [           main] INFO  m.mchange.v2.c3p0.C3P0Registry  - Initializing c3p0-0.9.1.2 [built 21-May-2007 15:04:56; debug? true; trace: 10]
2020-05-10 11:19:42,958 3855   [       Thread-1] INFO  port.GenericApplicationContext  - Closing org.springframework.context.support.GenericApplicationContext@4f063c0a: startup date [Sun May 10 11:19:40 CST 2020]; root of context hierarchy
2020-05-10 11:20:15,302 0      [           main] INFO  DefaultTestContextBootstrapper  - Loaded default TestExecutionListener class names from location [META-INF/spring.factories]: [org.springframework.test.context.web.ServletTestExecutionListener, org.springframework.test.context.support.DirtiesContextBeforeModesTestExecutionListener, org.springframework.test.context.support.DependencyInjectionTestExecutionListener, org.springframework.test.context.support.DirtiesContextTestExecutionListener, org.springframework.test.context.transaction.TransactionalTestExecutionListener, org.springframework.test.context.jdbc.SqlScriptsTestExecutionListener]
2020-05-10 11:20:15,321 19     [           main] INFO  DefaultTestContextBootstrapper  - Using TestExecutionListeners: [org.springframework.test.context.web.ServletTestExecutionListener@64bfbc86, org.springframework.test.context.support.DirtiesContextBeforeModesTestExecutionListener@64bf3bbf, org.springframework.test.context.support.DependencyInjectionTestExecutionListener@55d56113, org.springframework.test.context.support.DirtiesContextTestExecutionListener@148080bb, org.springframework.test.context.transaction.TransactionalTestExecutionListener@dc24521, org.springframework.test.context.jdbc.SqlScriptsTestExecutionListener@10bdf5e5]
2020-05-10 11:20:15,389 87     [           main] INFO  ry.xml.XmlBeanDefinitionReader  - Loading XML bean definitions from class path resource [applicationContext.xml]
2020-05-10 11:20:15,614 312    [           main] INFO  port.GenericApplicationContext  - Refreshing org.springframework.context.support.GenericApplicationContext@4f063c0a: startup date [Sun May 10 11:20:15 CST 2020]; root of context hierarchy
2020-05-10 11:20:15,900 598    [           main] INFO         com.mchange.v2.log.MLog  - MLog clients using log4j logging.
2020-05-10 11:20:16,897 1595   [           main] INFO  m.mchange.v2.c3p0.C3P0Registry  - Initializing c3p0-0.9.1.2 [built 21-May-2007 15:04:56; debug? true; trace: 10]
2020-05-10 11:20:17,255 1953   [       Thread-1] INFO  port.GenericApplicationContext  - Closing org.springframework.context.support.GenericApplicationContext@4f063c0a: startup date [Sun May 10 11:20:15 CST 2020]; root of context hierarchy
2020-05-10 17:00:10,127 0      [           main] INFO  DefaultTestContextBootstrapper  - Loaded default TestExecutionListener class names from location [META-INF/spring.factories]: [org.springframework.test.context.web.ServletTestExecutionListener, org.springframework.test.context.support.DirtiesContextBeforeModesTestExecutionListener, org.springframework.test.context.support.DependencyInjectionTestExecutionListener, org.springframework.test.context.support.DirtiesContextTestExecutionListener, org.springframework.test.context.transaction.TransactionalTestExecutionListener, org.springframework.test.context.jdbc.SqlScriptsTestExecutionListener]
2020-05-10 17:00:10,150 23     [           main] INFO  DefaultTestContextBootstrapper  - Using TestExecutionListeners: [org.springframework.test.context.web.ServletTestExecutionListener@192b07fd, org.springframework.test.context.support.DirtiesContextBeforeModesTestExecutionListener@64bfbc86, org.springframework.test.context.support.DependencyInjectionTestExecutionListener@64bf3bbf, org.springframework.test.context.support.DirtiesContextTestExecutionListener@55d56113, org.springframework.test.context.transaction.TransactionalTestExecutionListener@148080bb, org.springframework.test.context.jdbc.SqlScriptsTestExecutionListener@dc24521]
2020-05-10 17:00:10,232 105    [           main] INFO  ry.xml.XmlBeanDefinitionReader  - Loading XML bean definitions from class path resource [applicationContext.xml]
2020-05-10 17:00:10,496 369    [           main] INFO  port.GenericApplicationContext  - Refreshing org.springframework.context.support.GenericApplicationContext@2a17b7b6: startup date [Sun May 10 17:00:10 CST 2020]; root of context hierarchy
2020-05-10 17:00:12,131 2004   [           main] INFO  aba.druid.pool.DruidDataSource  - {dataSource-1} inited
2020-05-10 17:00:12,208 2081   [           main] INFO  ry.xml.XmlBeanDefinitionReader  - Loading XML bean definitions from class path resource [org/springframework/jdbc/support/sql-error-codes.xml]
2020-05-10 17:00:12,263 2136   [           main] INFO  c.support.SQLErrorCodesFactory  - SQLErrorCodes loaded: [DB2, Derby, H2, HSQL, Informix, MS-SQL, MySQL, Oracle, PostgreSQL, Sybase, Hana]
2020-05-10 17:00:12,301 2174   [       Thread-1] INFO  port.GenericApplicationContext  - Closing org.springframework.context.support.GenericApplicationContext@2a17b7b6: startup date [Sun May 10 17:00:10 CST 2020]; root of context hierarchy
2020-05-10 17:00:12,320 2193   [       Thread-1] INFO  aba.druid.pool.DruidDataSource  - {dataSource-1} closed
2020-05-10 17:02:52,501 0      [           main] INFO  DefaultTestContextBootstrapper  - Loaded default TestExecutionListener class names from location [META-INF/spring.factories]: [org.springframework.test.context.web.ServletTestExecutionListener, org.springframework.test.context.support.DirtiesContextBeforeModesTestExecutionListener, org.springframework.test.context.support.DependencyInjectionTestExecutionListener, org.springframework.test.context.support.DirtiesContextTestExecutionListener, org.springframework.test.context.transaction.TransactionalTestExecutionListener, org.springframework.test.context.jdbc.SqlScriptsTestExecutionListener]
2020-05-10 17:02:52,524 23     [           main] INFO  DefaultTestContextBootstrapper  - Using TestExecutionListeners: [org.springframework.test.context.web.ServletTestExecutionListener@192b07fd, org.springframework.test.context.support.DirtiesContextBeforeModesTestExecutionListener@64bfbc86, org.springframework.test.context.support.DependencyInjectionTestExecutionListener@64bf3bbf, org.springframework.test.context.support.DirtiesContextTestExecutionListener@55d56113, org.springframework.test.context.transaction.TransactionalTestExecutionListener@148080bb, org.springframework.test.context.jdbc.SqlScriptsTestExecutionListener@dc24521]
2020-05-10 17:02:52,599 98     [           main] INFO  ry.xml.XmlBeanDefinitionReader  - Loading XML bean definitions from class path resource [applicationContext.xml]
2020-05-10 17:02:52,823 322    [           main] INFO  port.GenericApplicationContext  - Refreshing org.springframework.context.support.GenericApplicationContext@2a17b7b6: startup date [Sun May 10 17:02:52 CST 2020]; root of context hierarchy
2020-05-10 17:02:54,022 1521   [           main] INFO  aba.druid.pool.DruidDataSource  - {dataSource-1} inited
2020-05-10 17:02:54,934 2433   [       Thread-1] INFO  port.GenericApplicationContext  - Closing org.springframework.context.support.GenericApplicationContext@2a17b7b6: startup date [Sun May 10 17:02:52 CST 2020]; root of context hierarchy
2020-05-10 17:02:54,940 2439   [       Thread-1] INFO  aba.druid.pool.DruidDataSource  - {dataSource-1} closed
2020-05-10 17:10:53,404 0      [           main] INFO  DefaultTestContextBootstrapper  - Loaded default TestExecutionListener class names from location [META-INF/spring.factories]: [org.springframework.test.context.web.ServletTestExecutionListener, org.springframework.test.context.support.DirtiesContextBeforeModesTestExecutionListener, org.springframework.test.context.support.DependencyInjectionTestExecutionListener, org.springframework.test.context.support.DirtiesContextTestExecutionListener, org.springframework.test.context.transaction.TransactionalTestExecutionListener, org.springframework.test.context.jdbc.SqlScriptsTestExecutionListener]
2020-05-10 17:10:53,423 19     [           main] INFO  DefaultTestContextBootstrapper  - Using TestExecutionListeners: [org.springframework.test.context.web.ServletTestExecutionListener@192b07fd, org.springframework.test.context.support.DirtiesContextBeforeModesTestExecutionListener@64bfbc86, org.springframework.test.context.support.DependencyInjectionTestExecutionListener@64bf3bbf, org.springframework.test.context.support.DirtiesContextTestExecutionListener@55d56113, org.springframework.test.context.transaction.TransactionalTestExecutionListener@148080bb, org.springframework.test.context.jdbc.SqlScriptsTestExecutionListener@dc24521]
2020-05-10 17:10:53,494 90     [           main] INFO  ry.xml.XmlBeanDefinitionReader  - Loading XML bean definitions from class path resource [applicationContext.xml]
2020-05-10 17:10:53,737 333    [           main] INFO  port.GenericApplicationContext  - Refreshing org.springframework.context.support.GenericApplicationContext@2a17b7b6: startup date [Sun May 10 17:10:53 CST 2020]; root of context hierarchy
2020-05-10 17:10:55,784 2380   [           main] INFO  aba.druid.pool.DruidDataSource  - {dataSource-1} inited
2020-05-10 17:10:55,805 2401   [       Thread-1] INFO  port.GenericApplicationContext  - Closing org.springframework.context.support.GenericApplicationContext@2a17b7b6: startup date [Sun May 10 17:10:53 CST 2020]; root of context hierarchy
2020-05-10 17:10:55,812 2408   [       Thread-1] INFO  aba.druid.pool.DruidDataSource  - {dataSource-1} closed
2020-05-10 17:11:02,113 0      [           main] INFO  DefaultTestContextBootstrapper  - Loaded default TestExecutionListener class names from location [META-INF/spring.factories]: [org.springframework.test.context.web.ServletTestExecutionListener, org.springframework.test.context.support.DirtiesContextBeforeModesTestExecutionListener, org.springframework.test.context.support.DependencyInjectionTestExecutionListener, org.springframework.test.context.support.DirtiesContextTestExecutionListener, org.springframework.test.context.transaction.TransactionalTestExecutionListener, org.springframework.test.context.jdbc.SqlScriptsTestExecutionListener]
2020-05-10 17:11:02,139 26     [           main] INFO  DefaultTestContextBootstrapper  - Using TestExecutionListeners: [org.springframework.test.context.web.ServletTestExecutionListener@192b07fd, org.springframework.test.context.support.DirtiesContextBeforeModesTestExecutionListener@64bfbc86, org.springframework.test.context.support.DependencyInjectionTestExecutionListener@64bf3bbf, org.springframework.test.context.support.DirtiesContextTestExecutionListener@55d56113, org.springframework.test.context.transaction.TransactionalTestExecutionListener@148080bb, org.springframework.test.context.jdbc.SqlScriptsTestExecutionListener@dc24521]
2020-05-10 17:11:02,217 104    [           main] INFO  ry.xml.XmlBeanDefinitionReader  - Loading XML bean definitions from class path resource [applicationContext.xml]
2020-05-10 17:11:02,451 338    [           main] INFO  port.GenericApplicationContext  - Refreshing org.springframework.context.support.GenericApplicationContext@2a17b7b6: startup date [Sun May 10 17:11:02 CST 2020]; root of context hierarchy
2020-05-10 17:11:03,698 1585   [           main] INFO  aba.druid.pool.DruidDataSource  - {dataSource-1} inited
2020-05-10 17:11:04,546 2433   [       Thread-1] INFO  port.GenericApplicationContext  - Closing org.springframework.context.support.GenericApplicationContext@2a17b7b6: startup date [Sun May 10 17:11:02 CST 2020]; root of context hierarchy
2020-05-10 17:11:04,552 2439   [       Thread-1] INFO  aba.druid.pool.DruidDataSource  - {dataSource-1} closed
2020-05-10 18:11:51,171 0      [           main] INFO  DefaultTestContextBootstrapper  - Loaded default TestExecutionListener class names from location [META-INF/spring.factories]: [org.springframework.test.context.web.ServletTestExecutionListener, org.springframework.test.context.support.DirtiesContextBeforeModesTestExecutionListener, org.springframework.test.context.support.DependencyInjectionTestExecutionListener, org.springframework.test.context.support.DirtiesContextTestExecutionListener, org.springframework.test.context.transaction.TransactionalTestExecutionListener, org.springframework.test.context.jdbc.SqlScriptsTestExecutionListener]
2020-05-10 18:11:51,195 24     [           main] INFO  DefaultTestContextBootstrapper  - Using TestExecutionListeners: [org.springframework.test.context.web.ServletTestExecutionListener@192b07fd, org.springframework.test.context.support.DirtiesContextBeforeModesTestExecutionListener@64bfbc86, org.springframework.test.context.support.DependencyInjectionTestExecutionListener@64bf3bbf, org.springframework.test.context.support.DirtiesContextTestExecutionListener@55d56113, org.springframework.test.context.transaction.TransactionalTestExecutionListener@148080bb, org.springframework.test.context.jdbc.SqlScriptsTestExecutionListener@dc24521]
2020-05-10 18:11:51,285 114    [           main] INFO  ry.xml.XmlBeanDefinitionReader  - Loading XML bean definitions from class path resource [applicationContext.xml]
2020-05-10 18:11:51,541 370    [           main] INFO  port.GenericApplicationContext  - Refreshing org.springframework.context.support.GenericApplicationContext@2a17b7b6: startup date [Sun May 10 18:11:51 CST 2020]; root of context hierarchy
2020-05-10 18:11:52,750 1579   [           main] INFO  aba.druid.pool.DruidDataSource  - {dataSource-1} inited
2020-05-10 18:11:53,613 2442   [       Thread-1] INFO  port.GenericApplicationContext  - Closing org.springframework.context.support.GenericApplicationContext@2a17b7b6: startup date [Sun May 10 18:11:51 CST 2020]; root of context hierarchy
2020-05-10 18:11:53,619 2448   [       Thread-1] INFO  aba.druid.pool.DruidDataSource  - {dataSource-1} closed
2020-05-10 18:16:42,762 0      [           main] INFO  DefaultTestContextBootstrapper  - Loaded default TestExecutionListener class names from location [META-INF/spring.factories]: [org.springframework.test.context.web.ServletTestExecutionListener, org.springframework.test.context.support.DirtiesContextBeforeModesTestExecutionListener, org.springframework.test.context.support.DependencyInjectionTestExecutionListener, org.springframework.test.context.support.DirtiesContextTestExecutionListener, org.springframework.test.context.transaction.TransactionalTestExecutionListener, org.springframework.test.context.jdbc.SqlScriptsTestExecutionListener]
2020-05-10 18:16:42,780 18     [           main] INFO  DefaultTestContextBootstrapper  - Using TestExecutionListeners: [org.springframework.test.context.web.ServletTestExecutionListener@64bfbc86, org.springframework.test.context.support.DirtiesContextBeforeModesTestExecutionListener@64bf3bbf, org.springframework.test.context.support.DependencyInjectionTestExecutionListener@55d56113, org.springframework.test.context.support.DirtiesContextTestExecutionListener@148080bb, org.springframework.test.context.transaction.TransactionalTestExecutionListener@dc24521, org.springframework.test.context.jdbc.SqlScriptsTestExecutionListener@10bdf5e5]
2020-05-10 18:16:42,843 81     [           main] INFO  ry.xml.XmlBeanDefinitionReader  - Loading XML bean definitions from class path resource [applicationContext.xml]
2020-05-10 18:16:43,077 315    [           main] INFO  port.GenericApplicationContext  - Refreshing org.springframework.context.support.GenericApplicationContext@4f063c0a: startup date [Sun May 10 18:16:43 CST 2020]; root of context hierarchy
2020-05-10 18:16:45,210 2448   [           main] INFO  aba.druid.pool.DruidDataSource  - {dataSource-1} inited
2020-05-10 18:16:45,235 2473   [       Thread-1] INFO  port.GenericApplicationContext  - Closing org.springframework.context.support.GenericApplicationContext@4f063c0a: startup date [Sun May 10 18:16:43 CST 2020]; root of context hierarchy
2020-05-10 18:16:45,241 2479   [       Thread-1] INFO  aba.druid.pool.DruidDataSource  - {dataSource-1} closed
2020-05-11 01:47:20,677 0      [           main] INFO  DefaultTestContextBootstrapper  - Loaded default TestExecutionListener class names from location [META-INF/spring.factories]: [org.springframework.test.context.web.ServletTestExecutionListener, org.springframework.test.context.support.DirtiesContextBeforeModesTestExecutionListener, org.springframework.test.context.support.DependencyInjectionTestExecutionListener, org.springframework.test.context.support.DirtiesContextTestExecutionListener, org.springframework.test.context.transaction.TransactionalTestExecutionListener, org.springframework.test.context.jdbc.SqlScriptsTestExecutionListener]
2020-05-11 01:47:20,738 61     [           main] INFO  DefaultTestContextBootstrapper  - Using TestExecutionListeners: [org.springframework.test.context.web.ServletTestExecutionListener@64bfbc86, org.springframework.test.context.support.DirtiesContextBeforeModesTestExecutionListener@64bf3bbf, org.springframework.test.context.support.DependencyInjectionTestExecutionListener@55d56113, org.springframework.test.context.support.DirtiesContextTestExecutionListener@148080bb, org.springframework.test.context.transaction.TransactionalTestExecutionListener@dc24521, org.springframework.test.context.jdbc.SqlScriptsTestExecutionListener@10bdf5e5]
2020-05-11 01:47:20,818 141    [           main] INFO  ry.xml.XmlBeanDefinitionReader  - Loading XML bean definitions from class path resource [applicationContext.xml]
2020-05-11 01:47:21,060 383    [           main] INFO  port.GenericApplicationContext  - Refreshing org.springframework.context.support.GenericApplicationContext@4f063c0a: startup date [Mon May 11 01:47:21 CST 2020]; root of context hierarchy
2020-05-11 01:47:21,928 1251   [       Thread-1] INFO  port.GenericApplicationContext  - Closing org.springframework.context.support.GenericApplicationContext@4f063c0a: startup date [Mon May 11 01:47:21 CST 2020]; root of context hierarchy
2020-05-11 01:50:04,565 0      [           main] INFO  DefaultTestContextBootstrapper  - Loaded default TestExecutionListener class names from location [META-INF/spring.factories]: [org.springframework.test.context.web.ServletTestExecutionListener, org.springframework.test.context.support.DirtiesContextBeforeModesTestExecutionListener, org.springframework.test.context.support.DependencyInjectionTestExecutionListener, org.springframework.test.context.support.DirtiesContextTestExecutionListener, org.springframework.test.context.transaction.TransactionalTestExecutionListener, org.springframework.test.context.jdbc.SqlScriptsTestExecutionListener]
2020-05-11 01:50:04,585 20     [           main] INFO  DefaultTestContextBootstrapper  - Using TestExecutionListeners: [org.springframework.test.context.web.ServletTestExecutionListener@64bfbc86, org.springframework.test.context.support.DirtiesContextBeforeModesTestExecutionListener@64bf3bbf, org.springframework.test.context.support.DependencyInjectionTestExecutionListener@55d56113, org.springframework.test.context.support.DirtiesContextTestExecutionListener@148080bb, org.springframework.test.context.transaction.TransactionalTestExecutionListener@dc24521, org.springframework.test.context.jdbc.SqlScriptsTestExecutionListener@10bdf5e5]
2020-05-11 01:50:04,661 96     [           main] INFO  ry.xml.XmlBeanDefinitionReader  - Loading XML bean definitions from class path resource [applicationContext.xml]
2020-05-11 01:50:04,910 345    [           main] INFO  port.GenericApplicationContext  - Refreshing org.springframework.context.support.GenericApplicationContext@4f063c0a: startup date [Mon May 11 01:50:04 CST 2020]; root of context hierarchy
2020-05-11 01:50:05,753 1188   [       Thread-1] INFO  port.GenericApplicationContext  - Closing org.springframework.context.support.GenericApplicationContext@4f063c0a: startup date [Mon May 11 01:50:04 CST 2020]; root of context hierarchy
2020-05-11 01:51:14,047 0      [           main] INFO  DefaultTestContextBootstrapper  - Loaded default TestExecutionListener class names from location [META-INF/spring.factories]: [org.springframework.test.context.web.ServletTestExecutionListener, org.springframework.test.context.support.DirtiesContextBeforeModesTestExecutionListener, org.springframework.test.context.support.DependencyInjectionTestExecutionListener, org.springframework.test.context.support.DirtiesContextTestExecutionListener, org.springframework.test.context.transaction.TransactionalTestExecutionListener, org.springframework.test.context.jdbc.SqlScriptsTestExecutionListener]
2020-05-11 01:51:14,068 21     [           main] INFO  DefaultTestContextBootstrapper  - Using TestExecutionListeners: [org.springframework.test.context.web.ServletTestExecutionListener@64bfbc86, org.springframework.test.context.support.DirtiesContextBeforeModesTestExecutionListener@64bf3bbf, org.springframework.test.context.support.DependencyInjectionTestExecutionListener@55d56113, org.springframework.test.context.support.DirtiesContextTestExecutionListener@148080bb, org.springframework.test.context.transaction.TransactionalTestExecutionListener@dc24521, org.springframework.test.context.jdbc.SqlScriptsTestExecutionListener@10bdf5e5]
2020-05-11 01:51:14,155 108    [           main] INFO  ry.xml.XmlBeanDefinitionReader  - Loading XML bean definitions from class path resource [applicationContext.xml]
2020-05-11 01:51:14,439 392    [           main] INFO  port.GenericApplicationContext  - Refreshing org.springframework.context.support.GenericApplicationContext@4f063c0a: startup date [Mon May 11 01:51:14 CST 2020]; root of context hierarchy
2020-05-11 01:51:15,421 1374   [       Thread-1] INFO  port.GenericApplicationContext  - Closing org.springframework.context.support.GenericApplicationContext@4f063c0a: startup date [Mon May 11 01:51:14 CST 2020]; root of context hierarchy
2020-05-11 01:59:16,601 0      [           main] INFO  DefaultTestContextBootstrapper  - Loaded default TestExecutionListener class names from location [META-INF/spring.factories]: [org.springframework.test.context.web.ServletTestExecutionListener, org.springframework.test.context.support.DirtiesContextBeforeModesTestExecutionListener, org.springframework.test.context.support.DependencyInjectionTestExecutionListener, org.springframework.test.context.support.DirtiesContextTestExecutionListener, org.springframework.test.context.transaction.TransactionalTestExecutionListener, org.springframework.test.context.jdbc.SqlScriptsTestExecutionListener]
2020-05-11 01:59:16,624 23     [           main] INFO  DefaultTestContextBootstrapper  - Using TestExecutionListeners: [org.springframework.test.context.web.ServletTestExecutionListener@64bfbc86, org.springframework.test.context.support.DirtiesContextBeforeModesTestExecutionListener@64bf3bbf, org.springframework.test.context.support.DependencyInjectionTestExecutionListener@55d56113, org.springframework.test.context.support.DirtiesContextTestExecutionListener@148080bb, org.springframework.test.context.transaction.TransactionalTestExecutionListener@dc24521, org.springframework.test.context.jdbc.SqlScriptsTestExecutionListener@10bdf5e5]
2020-05-11 01:59:16,697 96     [           main] INFO  ry.xml.XmlBeanDefinitionReader  - Loading XML bean definitions from class path resource [applicationContext.xml]
2020-05-11 01:59:16,944 343    [           main] INFO  port.GenericApplicationContext  - Refreshing org.springframework.context.support.GenericApplicationContext@4f063c0a: startup date [Mon May 11 01:59:16 CST 2020]; root of context hierarchy
2020-05-11 01:59:17,772 1171   [       Thread-1] INFO  port.GenericApplicationContext  - Closing org.springframework.context.support.GenericApplicationContext@4f063c0a: startup date [Mon May 11 01:59:16 CST 2020]; root of context hierarchy
2020-05-24 11:23:08,778 1      [           main] INFO  DefaultTestContextBootstrapper  - Loaded default TestExecutionListener class names from location [META-INF/spring.factories]: [org.springframework.test.context.web.ServletTestExecutionListener, org.springframework.test.context.support.DirtiesContextBeforeModesTestExecutionListener, org.springframework.test.context.support.DependencyInjectionTestExecutionListener, org.springframework.test.context.support.DirtiesContextTestExecutionListener, org.springframework.test.context.transaction.TransactionalTestExecutionListener, org.springframework.test.context.jdbc.SqlScriptsTestExecutionListener]
2020-05-24 11:23:08,948 171    [           main] INFO  DefaultTestContextBootstrapper  - Using TestExecutionListeners: [org.springframework.test.context.web.ServletTestExecutionListener@60c6f5b, org.springframework.test.context.support.DirtiesContextBeforeModesTestExecutionListener@2038ae61, org.springframework.test.context.support.DependencyInjectionTestExecutionListener@3c0f93f1, org.springframework.test.context.support.DirtiesContextTestExecutionListener@31dc339b, org.springframework.test.context.transaction.TransactionalTestExecutionListener@544fe44c, org.springframework.test.context.jdbc.SqlScriptsTestExecutionListener@31610302]
2020-05-24 11:23:09,238 461    [           main] INFO  ry.xml.XmlBeanDefinitionReader  - Loading XML bean definitions from class path resource [applicationContext.xml]
2020-05-24 11:23:09,808 1031   [           main] INFO  port.GenericApplicationContext  - Refreshing org.springframework.context.support.GenericApplicationContext@711f39f9: startup date [Sun May 24 11:23:09 CST 2020]; root of context hierarchy
2020-05-24 11:23:11,470 2693   [           main] ERROR est.context.TestContextManager  - Caught exception while allowing TestExecutionListener [org.springframework.test.context.support.DependencyInjectionTestExecutionListener@3c0f93f1] to prepare test instance [TestSth@59e32960]
org.springframework.beans.factory.UnsatisfiedDependencyException: Error creating bean with name 'TestSth': Unsatisfied dependency expressed through field 'userservice'; nested exception is org.springframework.beans.factory.BeanNotOfRequiredTypeException: Bean named 'userServiceImpl' is expected to be of type 'cn.jiaxin.service.impl.UserServiceImpl' but was actually of type 'com.sun.proxy.$Proxy29'
	at org.springframework.beans.factory.annotation.AutowiredAnnotationBeanPostProcessor$AutowiredFieldElement.inject(AutowiredAnnotationBeanPostProcessor.java:586)
	at org.springframework.beans.factory.annotation.InjectionMetadata.inject(InjectionMetadata.java:91)
	at org.springframework.beans.factory.annotation.AutowiredAnnotationBeanPostProcessor.postProcessPropertyValues(AutowiredAnnotationBeanPostProcessor.java:372)
	at org.springframework.beans.factory.support.AbstractAutowireCapableBeanFactory.populateBean(AbstractAutowireCapableBeanFactory.java:1344)
	at org.springframework.beans.factory.support.AbstractAutowireCapableBeanFactory.autowireBeanProperties(AbstractAutowireCapableBeanFactory.java:400)
	at org.springframework.test.context.support.DependencyInjectionTestExecutionListener.injectDependencies(DependencyInjectionTestExecutionListener.java:118)
	at org.springframework.test.context.support.DependencyInjectionTestExecutionListener.prepareTestInstance(DependencyInjectionTestExecutionListener.java:83)
	at org.springframework.test.context.TestContextManager.prepareTestInstance(TestContextManager.java:242)
	at org.springframework.test.context.junit4.SpringJUnit4ClassRunner.createTest(SpringJUnit4ClassRunner.java:227)
	at org.springframework.test.context.junit4.SpringJUnit4ClassRunner$1.runReflectiveCall(SpringJUnit4ClassRunner.java:289)
	at org.junit.internal.runners.model.ReflectiveCallable.run(ReflectiveCallable.java:12)
	at org.springframework.test.context.junit4.SpringJUnit4ClassRunner.methodBlock(SpringJUnit4ClassRunner.java:291)
	at org.springframework.test.context.junit4.SpringJUnit4ClassRunner.runChild(SpringJUnit4ClassRunner.java:246)
	at org.springframework.test.context.junit4.SpringJUnit4ClassRunner.runChild(SpringJUnit4ClassRunner.java:97)
	at org.junit.runners.ParentRunner$3.run(ParentRunner.java:290)
	at org.junit.runners.ParentRunner$1.schedule(ParentRunner.java:71)
	at org.junit.runners.ParentRunner.runChildren(ParentRunner.java:288)
	at org.junit.runners.ParentRunner.access$000(ParentRunner.java:58)
	at org.junit.runners.ParentRunner$2.evaluate(ParentRunner.java:268)
	at org.springframework.test.context.junit4.statements.RunBeforeTestClassCallbacks.evaluate(RunBeforeTestClassCallbacks.java:61)
	at org.springframework.test.context.junit4.statements.RunAfterTestClassCallbacks.evaluate(RunAfterTestClassCallbacks.java:70)
	at org.junit.runners.ParentRunner.run(ParentRunner.java:363)
	at org.springframework.test.context.junit4.SpringJUnit4ClassRunner.run(SpringJUnit4ClassRunner.java:190)
	at org.junit.runner.JUnitCore.run(JUnitCore.java:137)
	at com.intellij.junit4.JUnit4IdeaTestRunner.startRunnerWithArgs(JUnit4IdeaTestRunner.java:68)
	at com.intellij.rt.junit.IdeaTestRunner$Repeater.startRunnerWithArgs(IdeaTestRunner.java:33)
	at com.intellij.rt.junit.JUnitStarter.prepareStreamsAndStart(JUnitStarter.java:230)
	at com.intellij.rt.junit.JUnitStarter.main(JUnitStarter.java:58)
Caused by: org.springframework.beans.factory.BeanNotOfRequiredTypeException: Bean named 'userServiceImpl' is expected to be of type 'cn.jiaxin.service.impl.UserServiceImpl' but was actually of type 'com.sun.proxy.$Proxy29'
	at org.springframework.beans.factory.support.DefaultListableBeanFactory.checkBeanNotOfRequiredType(DefaultListableBeanFactory.java:1522)
	at org.springframework.beans.factory.support.DefaultListableBeanFactory.raiseNoMatchingBeanFound(DefaultListableBeanFactory.java:1500)
	at org.springframework.beans.factory.support.DefaultListableBeanFactory.doResolveDependency(DefaultListableBeanFactory.java:1101)
	at org.springframework.beans.factory.support.DefaultListableBeanFactory.resolveDependency(DefaultListableBeanFactory.java:1062)
	at org.springframework.beans.factory.annotation.AutowiredAnnotationBeanPostProcessor$AutowiredFieldElement.inject(AutowiredAnnotationBeanPostProcessor.java:583)
	... 27 more
2020-05-24 11:23:11,504 2727   [       Thread-1] INFO  port.GenericApplicationContext  - Closing org.springframework.context.support.GenericApplicationContext@711f39f9: startup date [Sun May 24 11:23:09 CST 2020]; root of context hierarchy
2020-05-24 11:25:03,957 0      [           main] INFO  DefaultTestContextBootstrapper  - Loaded default TestExecutionListener class names from location [META-INF/spring.factories]: [org.springframework.test.context.web.ServletTestExecutionListener, org.springframework.test.context.support.DirtiesContextBeforeModesTestExecutionListener, org.springframework.test.context.support.DependencyInjectionTestExecutionListener, org.springframework.test.context.support.DirtiesContextTestExecutionListener, org.springframework.test.context.transaction.TransactionalTestExecutionListener, org.springframework.test.context.jdbc.SqlScriptsTestExecutionListener]
2020-05-24 11:25:03,976 19     [           main] INFO  DefaultTestContextBootstrapper  - Using TestExecutionListeners: [org.springframework.test.context.web.ServletTestExecutionListener@60c6f5b, org.springframework.test.context.support.DirtiesContextBeforeModesTestExecutionListener@2038ae61, org.springframework.test.context.support.DependencyInjectionTestExecutionListener@3c0f93f1, org.springframework.test.context.support.DirtiesContextTestExecutionListener@31dc339b, org.springframework.test.context.transaction.TransactionalTestExecutionListener@544fe44c, org.springframework.test.context.jdbc.SqlScriptsTestExecutionListener@31610302]
2020-05-24 11:25:04,046 89     [           main] INFO  ry.xml.XmlBeanDefinitionReader  - Loading XML bean definitions from class path resource [applicationContext.xml]
2020-05-24 11:25:04,284 327    [           main] INFO  port.GenericApplicationContext  - Refreshing org.springframework.context.support.GenericApplicationContext@711f39f9: startup date [Sun May 24 11:25:04 CST 2020]; root of context hierarchy
2020-05-24 11:25:05,792 1835   [           main] INFO  aba.druid.pool.DruidDataSource  - {dataSource-1} inited
2020-05-24 11:25:05,909 1952   [       Thread-1] INFO  port.GenericApplicationContext  - Closing org.springframework.context.support.GenericApplicationContext@711f39f9: startup date [Sun May 24 11:25:04 CST 2020]; root of context hierarchy
2020-05-24 11:25:05,923 1966   [       Thread-1] INFO  aba.druid.pool.DruidDataSource  - {dataSource-1} closed
2020-05-24 11:25:26,149 0      [           main] INFO  DefaultTestContextBootstrapper  - Loaded default TestExecutionListener class names from location [META-INF/spring.factories]: [org.springframework.test.context.web.ServletTestExecutionListener, org.springframework.test.context.support.DirtiesContextBeforeModesTestExecutionListener, org.springframework.test.context.support.DependencyInjectionTestExecutionListener, org.springframework.test.context.support.DirtiesContextTestExecutionListener, org.springframework.test.context.transaction.TransactionalTestExecutionListener, org.springframework.test.context.jdbc.SqlScriptsTestExecutionListener]
2020-05-24 11:25:26,173 24     [           main] INFO  DefaultTestContextBootstrapper  - Using TestExecutionListeners: [org.springframework.test.context.web.ServletTestExecutionListener@60c6f5b, org.springframework.test.context.support.DirtiesContextBeforeModesTestExecutionListener@2038ae61, org.springframework.test.context.support.DependencyInjectionTestExecutionListener@3c0f93f1, org.springframework.test.context.support.DirtiesContextTestExecutionListener@31dc339b, org.springframework.test.context.transaction.TransactionalTestExecutionListener@544fe44c, org.springframework.test.context.jdbc.SqlScriptsTestExecutionListener@31610302]
2020-05-24 11:25:26,265 116    [           main] INFO  ry.xml.XmlBeanDefinitionReader  - Loading XML bean definitions from class path resource [applicationContext.xml]
2020-05-24 11:25:26,499 350    [           main] INFO  port.GenericApplicationContext  - Refreshing org.springframework.context.support.GenericApplicationContext@711f39f9: startup date [Sun May 24 11:25:26 CST 2020]; root of context hierarchy
2020-05-24 11:25:27,795 1646   [           main] INFO  aba.druid.pool.DruidDataSource  - {dataSource-1} inited
2020-05-24 11:25:27,849 1700   [       Thread-1] INFO  port.GenericApplicationContext  - Closing org.springframework.context.support.GenericApplicationContext@711f39f9: startup date [Sun May 24 11:25:26 CST 2020]; root of context hierarchy
2020-05-24 11:25:27,857 1708   [       Thread-1] INFO  aba.druid.pool.DruidDataSource  - {dataSource-1} closed
2020-05-24 11:26:06,113 0      [           main] INFO  DefaultTestContextBootstrapper  - Loaded default TestExecutionListener class names from location [META-INF/spring.factories]: [org.springframework.test.context.web.ServletTestExecutionListener, org.springframework.test.context.support.DirtiesContextBeforeModesTestExecutionListener, org.springframework.test.context.support.DependencyInjectionTestExecutionListener, org.springframework.test.context.support.DirtiesContextTestExecutionListener, org.springframework.test.context.transaction.TransactionalTestExecutionListener, org.springframework.test.context.jdbc.SqlScriptsTestExecutionListener]
2020-05-24 11:26:06,133 20     [           main] INFO  DefaultTestContextBootstrapper  - Using TestExecutionListeners: [org.springframework.test.context.web.ServletTestExecutionListener@60c6f5b, org.springframework.test.context.support.DirtiesContextBeforeModesTestExecutionListener@2038ae61, org.springframework.test.context.support.DependencyInjectionTestExecutionListener@3c0f93f1, org.springframework.test.context.support.DirtiesContextTestExecutionListener@31dc339b, org.springframework.test.context.transaction.TransactionalTestExecutionListener@544fe44c, org.springframework.test.context.jdbc.SqlScriptsTestExecutionListener@31610302]
2020-05-24 11:26:06,200 87     [           main] INFO  ry.xml.XmlBeanDefinitionReader  - Loading XML bean definitions from class path resource [applicationContext.xml]
2020-05-24 11:26:06,430 317    [           main] INFO  port.GenericApplicationContext  - Refreshing org.springframework.context.support.GenericApplicationContext@711f39f9: startup date [Sun May 24 11:26:06 CST 2020]; root of context hierarchy
2020-05-24 11:26:07,727 1614   [           main] INFO  aba.druid.pool.DruidDataSource  - {dataSource-1} inited
2020-05-24 11:26:07,783 1670   [       Thread-1] INFO  port.GenericApplicationContext  - Closing org.springframework.context.support.GenericApplicationContext@711f39f9: startup date [Sun May 24 11:26:06 CST 2020]; root of context hierarchy
2020-05-24 11:26:07,789 1676   [       Thread-1] INFO  aba.druid.pool.DruidDataSource  - {dataSource-1} closed
2020-05-24 11:31:12,666 0      [           main] INFO  DefaultTestContextBootstrapper  - Loaded default TestExecutionListener class names from location [META-INF/spring.factories]: [org.springframework.test.context.web.ServletTestExecutionListener, org.springframework.test.context.support.DirtiesContextBeforeModesTestExecutionListener, org.springframework.test.context.support.DependencyInjectionTestExecutionListener, org.springframework.test.context.support.DirtiesContextTestExecutionListener, org.springframework.test.context.transaction.TransactionalTestExecutionListener, org.springframework.test.context.jdbc.SqlScriptsTestExecutionListener]
2020-05-24 11:31:12,684 18     [           main] INFO  DefaultTestContextBootstrapper  - Using TestExecutionListeners: [org.springframework.test.context.web.ServletTestExecutionListener@2038ae61, org.springframework.test.context.support.DirtiesContextBeforeModesTestExecutionListener@3c0f93f1, org.springframework.test.context.support.DependencyInjectionTestExecutionListener@31dc339b, org.springframework.test.context.support.DirtiesContextTestExecutionListener@544fe44c, org.springframework.test.context.transaction.TransactionalTestExecutionListener@31610302, org.springframework.test.context.jdbc.SqlScriptsTestExecutionListener@71318ec4]
2020-05-24 11:31:12,754 88     [           main] INFO  ry.xml.XmlBeanDefinitionReader  - Loading XML bean definitions from class path resource [applicationContext.xml]
2020-05-24 11:31:12,993 327    [           main] INFO  port.GenericApplicationContext  - Refreshing org.springframework.context.support.GenericApplicationContext@71bbf57e: startup date [Sun May 24 11:31:12 CST 2020]; root of context hierarchy
2020-05-24 11:31:14,424 1758   [           main] INFO  aba.druid.pool.DruidDataSource  - {dataSource-1} inited
2020-05-24 11:31:14,491 1825   [       Thread-1] INFO  port.GenericApplicationContext  - Closing org.springframework.context.support.GenericApplicationContext@71bbf57e: startup date [Sun May 24 11:31:12 CST 2020]; root of context hierarchy
2020-05-24 11:31:14,498 1832   [       Thread-1] INFO  aba.druid.pool.DruidDataSource  - {dataSource-1} closed
2020-05-24 11:31:44,750 0      [           main] INFO  DefaultTestContextBootstrapper  - Loaded default TestExecutionListener class names from location [META-INF/spring.factories]: [org.springframework.test.context.web.ServletTestExecutionListener, org.springframework.test.context.support.DirtiesContextBeforeModesTestExecutionListener, org.springframework.test.context.support.DependencyInjectionTestExecutionListener, org.springframework.test.context.support.DirtiesContextTestExecutionListener, org.springframework.test.context.transaction.TransactionalTestExecutionListener, org.springframework.test.context.jdbc.SqlScriptsTestExecutionListener]
2020-05-24 11:31:44,769 19     [           main] INFO  DefaultTestContextBootstrapper  - Using TestExecutionListeners: [org.springframework.test.context.web.ServletTestExecutionListener@2038ae61, org.springframework.test.context.support.DirtiesContextBeforeModesTestExecutionListener@3c0f93f1, org.springframework.test.context.support.DependencyInjectionTestExecutionListener@31dc339b, org.springframework.test.context.support.DirtiesContextTestExecutionListener@544fe44c, org.springframework.test.context.transaction.TransactionalTestExecutionListener@31610302, org.springframework.test.context.jdbc.SqlScriptsTestExecutionListener@71318ec4]
2020-05-24 11:31:44,855 105    [           main] INFO  ry.xml.XmlBeanDefinitionReader  - Loading XML bean definitions from class path resource [applicationContext.xml]
2020-05-24 11:31:45,106 356    [           main] INFO  port.GenericApplicationContext  - Refreshing org.springframework.context.support.GenericApplicationContext@71bbf57e: startup date [Sun May 24 11:31:45 CST 2020]; root of context hierarchy
2020-05-24 11:31:46,377 1627   [           main] INFO  aba.druid.pool.DruidDataSource  - {dataSource-1} inited
2020-05-24 11:31:46,425 1675   [       Thread-1] INFO  port.GenericApplicationContext  - Closing org.springframework.context.support.GenericApplicationContext@71bbf57e: startup date [Sun May 24 11:31:45 CST 2020]; root of context hierarchy
2020-05-24 11:31:46,431 1681   [       Thread-1] INFO  aba.druid.pool.DruidDataSource  - {dataSource-1} closed
2020-05-25 00:30:50,119 0      [           main] INFO  DefaultTestContextBootstrapper  - Loaded default TestExecutionListener class names from location [META-INF/spring.factories]: [org.springframework.test.context.web.ServletTestExecutionListener, org.springframework.test.context.support.DirtiesContextBeforeModesTestExecutionListener, org.springframework.test.context.support.DependencyInjectionTestExecutionListener, org.springframework.test.context.support.DirtiesContextTestExecutionListener, org.springframework.test.context.transaction.TransactionalTestExecutionListener, org.springframework.test.context.jdbc.SqlScriptsTestExecutionListener]
2020-05-25 00:30:50,180 61     [           main] INFO  DefaultTestContextBootstrapper  - Using TestExecutionListeners: [org.springframework.test.context.web.ServletTestExecutionListener@3c0f93f1, org.springframework.test.context.support.DirtiesContextBeforeModesTestExecutionListener@31dc339b, org.springframework.test.context.support.DependencyInjectionTestExecutionListener@544fe44c, org.springframework.test.context.support.DirtiesContextTestExecutionListener@31610302, org.springframework.test.context.transaction.TransactionalTestExecutionListener@71318ec4, org.springframework.test.context.jdbc.SqlScriptsTestExecutionListener@21213b92]
2020-05-25 00:30:50,248 129    [           main] INFO  ry.xml.XmlBeanDefinitionReader  - Loading XML bean definitions from class path resource [applicationContext.xml]
2020-05-25 00:30:50,488 369    [           main] INFO  port.GenericApplicationContext  - Refreshing org.springframework.context.support.GenericApplicationContext@7f13d6e: startup date [Mon May 25 00:30:50 CST 2020]; root of context hierarchy
2020-05-25 00:30:51,915 1796   [           main] INFO  aba.druid.pool.DruidDataSource  - {dataSource-1} inited
2020-05-25 00:30:51,943 1824   [           main] INFO  ry.xml.XmlBeanDefinitionReader  - Loading XML bean definitions from class path resource [org/springframework/jdbc/support/sql-error-codes.xml]
2020-05-25 00:30:51,973 1854   [           main] INFO  c.support.SQLErrorCodesFactory  - SQLErrorCodes loaded: [DB2, Derby, H2, HSQL, Informix, MS-SQL, MySQL, Oracle, PostgreSQL, Sybase, Hana]
2020-05-25 00:30:52,033 1914   [       Thread-1] INFO  port.GenericApplicationContext  - Closing org.springframework.context.support.GenericApplicationContext@7f13d6e: startup date [Mon May 25 00:30:50 CST 2020]; root of context hierarchy
2020-05-25 00:30:52,039 1920   [       Thread-1] INFO  aba.druid.pool.DruidDataSource  - {dataSource-1} closed
2020-05-25 00:31:01,339 0      [           main] INFO  DefaultTestContextBootstrapper  - Loaded default TestExecutionListener class names from location [META-INF/spring.factories]: [org.springframework.test.context.web.ServletTestExecutionListener, org.springframework.test.context.support.DirtiesContextBeforeModesTestExecutionListener, org.springframework.test.context.support.DependencyInjectionTestExecutionListener, org.springframework.test.context.support.DirtiesContextTestExecutionListener, org.springframework.test.context.transaction.TransactionalTestExecutionListener, org.springframework.test.context.jdbc.SqlScriptsTestExecutionListener]
2020-05-25 00:31:01,358 19     [           main] INFO  DefaultTestContextBootstrapper  - Using TestExecutionListeners: [org.springframework.test.context.web.ServletTestExecutionListener@3c0f93f1, org.springframework.test.context.support.DirtiesContextBeforeModesTestExecutionListener@31dc339b, org.springframework.test.context.support.DependencyInjectionTestExecutionListener@544fe44c, org.springframework.test.context.support.DirtiesContextTestExecutionListener@31610302, org.springframework.test.context.transaction.TransactionalTestExecutionListener@71318ec4, org.springframework.test.context.jdbc.SqlScriptsTestExecutionListener@21213b92]
2020-05-25 00:31:01,433 94     [           main] INFO  ry.xml.XmlBeanDefinitionReader  - Loading XML bean definitions from class path resource [applicationContext.xml]
2020-05-25 00:31:01,684 345    [           main] INFO  port.GenericApplicationContext  - Refreshing org.springframework.context.support.GenericApplicationContext@7f13d6e: startup date [Mon May 25 00:31:01 CST 2020]; root of context hierarchy
2020-05-25 00:31:03,132 1793   [           main] INFO  aba.druid.pool.DruidDataSource  - {dataSource-1} inited
2020-05-25 00:31:03,164 1825   [           main] INFO  ry.xml.XmlBeanDefinitionReader  - Loading XML bean definitions from class path resource [org/springframework/jdbc/support/sql-error-codes.xml]
2020-05-25 00:31:03,196 1857   [           main] INFO  c.support.SQLErrorCodesFactory  - SQLErrorCodes loaded: [DB2, Derby, H2, HSQL, Informix, MS-SQL, MySQL, Oracle, PostgreSQL, Sybase, Hana]
2020-05-25 00:31:03,208 1869   [       Thread-1] INFO  port.GenericApplicationContext  - Closing org.springframework.context.support.GenericApplicationContext@7f13d6e: startup date [Mon May 25 00:31:01 CST 2020]; root of context hierarchy
2020-05-25 00:31:03,214 1875   [       Thread-1] INFO  aba.druid.pool.DruidDataSource  - {dataSource-1} closed
2020-05-25 00:32:49,300 0      [           main] INFO  DefaultTestContextBootstrapper  - Loaded default TestExecutionListener class names from location [META-INF/spring.factories]: [org.springframework.test.context.web.ServletTestExecutionListener, org.springframework.test.context.support.DirtiesContextBeforeModesTestExecutionListener, org.springframework.test.context.support.DependencyInjectionTestExecutionListener, org.springframework.test.context.support.DirtiesContextTestExecutionListener, org.springframework.test.context.transaction.TransactionalTestExecutionListener, org.springframework.test.context.jdbc.SqlScriptsTestExecutionListener]
2020-05-25 00:32:49,319 19     [           main] INFO  DefaultTestContextBootstrapper  - Using TestExecutionListeners: [org.springframework.test.context.web.ServletTestExecutionListener@3c0f93f1, org.springframework.test.context.support.DirtiesContextBeforeModesTestExecutionListener@31dc339b, org.springframework.test.context.support.DependencyInjectionTestExecutionListener@544fe44c, org.springframework.test.context.support.DirtiesContextTestExecutionListener@31610302, org.springframework.test.context.transaction.TransactionalTestExecutionListener@71318ec4, org.springframework.test.context.jdbc.SqlScriptsTestExecutionListener@21213b92]
2020-05-25 00:32:49,461 161    [           main] INFO  ry.xml.XmlBeanDefinitionReader  - Loading XML bean definitions from class path resource [applicationContext.xml]
2020-05-25 00:32:49,702 402    [           main] INFO  port.GenericApplicationContext  - Refreshing org.springframework.context.support.GenericApplicationContext@7f13d6e: startup date [Mon May 25 00:32:49 CST 2020]; root of context hierarchy
2020-05-25 00:32:51,309 2009   [           main] INFO  aba.druid.pool.DruidDataSource  - {dataSource-1} inited
2020-05-25 00:32:51,338 2038   [       Thread-1] INFO  port.GenericApplicationContext  - Closing org.springframework.context.support.GenericApplicationContext@7f13d6e: startup date [Mon May 25 00:32:49 CST 2020]; root of context hierarchy
2020-05-25 00:32:51,345 2045   [       Thread-1] INFO  aba.druid.pool.DruidDataSource  - {dataSource-1} closed
2020-05-25 00:33:25,929 0      [           main] INFO  DefaultTestContextBootstrapper  - Loaded default TestExecutionListener class names from location [META-INF/spring.factories]: [org.springframework.test.context.web.ServletTestExecutionListener, org.springframework.test.context.support.DirtiesContextBeforeModesTestExecutionListener, org.springframework.test.context.support.DependencyInjectionTestExecutionListener, org.springframework.test.context.support.DirtiesContextTestExecutionListener, org.springframework.test.context.transaction.TransactionalTestExecutionListener, org.springframework.test.context.jdbc.SqlScriptsTestExecutionListener]
2020-05-25 00:33:25,949 20     [           main] INFO  DefaultTestContextBootstrapper  - Using TestExecutionListeners: [org.springframework.test.context.web.ServletTestExecutionListener@3c0f93f1, org.springframework.test.context.support.DirtiesContextBeforeModesTestExecutionListener@31dc339b, org.springframework.test.context.support.DependencyInjectionTestExecutionListener@544fe44c, org.springframework.test.context.support.DirtiesContextTestExecutionListener@31610302, org.springframework.test.context.transaction.TransactionalTestExecutionListener@71318ec4, org.springframework.test.context.jdbc.SqlScriptsTestExecutionListener@21213b92]
2020-05-25 00:33:26,018 89     [           main] INFO  ry.xml.XmlBeanDefinitionReader  - Loading XML bean definitions from class path resource [applicationContext.xml]
2020-05-25 00:33:26,265 336    [           main] INFO  port.GenericApplicationContext  - Refreshing org.springframework.context.support.GenericApplicationContext@7f13d6e: startup date [Mon May 25 00:33:26 CST 2020]; root of context hierarchy
2020-05-25 00:33:28,063 2134   [           main] INFO  aba.druid.pool.DruidDataSource  - {dataSource-1} inited
2020-05-25 00:33:28,099 2170   [           main] INFO  ry.xml.XmlBeanDefinitionReader  - Loading XML bean definitions from class path resource [org/springframework/jdbc/support/sql-error-codes.xml]
2020-05-25 00:33:28,133 2204   [           main] INFO  c.support.SQLErrorCodesFactory  - SQLErrorCodes loaded: [DB2, Derby, H2, HSQL, Informix, MS-SQL, MySQL, Oracle, PostgreSQL, Sybase, Hana]
2020-05-25 00:33:28,147 2218   [       Thread-1] INFO  port.GenericApplicationContext  - Closing org.springframework.context.support.GenericApplicationContext@7f13d6e: startup date [Mon May 25 00:33:26 CST 2020]; root of context hierarchy
2020-05-25 00:33:28,153 2224   [       Thread-1] INFO  aba.druid.pool.DruidDataSource  - {dataSource-1} closed
2020-05-25 00:34:01,163 0      [           main] INFO  DefaultTestContextBootstrapper  - Loaded default TestExecutionListener class names from location [META-INF/spring.factories]: [org.springframework.test.context.web.ServletTestExecutionListener, org.springframework.test.context.support.DirtiesContextBeforeModesTestExecutionListener, org.springframework.test.context.support.DependencyInjectionTestExecutionListener, org.springframework.test.context.support.DirtiesContextTestExecutionListener, org.springframework.test.context.transaction.TransactionalTestExecutionListener, org.springframework.test.context.jdbc.SqlScriptsTestExecutionListener]
2020-05-25 00:34:01,231 68     [           main] INFO  DefaultTestContextBootstrapper  - Using TestExecutionListeners: [org.springframework.test.context.web.ServletTestExecutionListener@5e82df6a, org.springframework.test.context.support.DirtiesContextBeforeModesTestExecutionListener@3f197a46, org.springframework.test.context.support.DependencyInjectionTestExecutionListener@636be97c, org.springframework.test.context.support.DirtiesContextTestExecutionListener@50a638b5, org.springframework.test.context.transaction.TransactionalTestExecutionListener@1817d444, org.springframework.test.context.jdbc.SqlScriptsTestExecutionListener@6ca8564a]
2020-05-25 00:34:01,316 153    [           main] INFO  ry.xml.XmlBeanDefinitionReader  - Loading XML bean definitions from class path resource [applicationContext.xml]
2020-05-25 00:34:01,594 431    [           main] INFO  port.GenericApplicationContext  - Refreshing org.springframework.context.support.GenericApplicationContext@747ddf94: startup date [Mon May 25 00:34:01 CST 2020]; root of context hierarchy
2020-05-25 00:34:03,172 2009   [           main] INFO  aba.druid.pool.DruidDataSource  - {dataSource-1} inited
2020-05-25 00:34:03,200 2037   [           main] INFO  ry.xml.XmlBeanDefinitionReader  - Loading XML bean definitions from class path resource [org/springframework/jdbc/support/sql-error-codes.xml]
2020-05-25 00:34:03,233 2070   [           main] INFO  c.support.SQLErrorCodesFactory  - SQLErrorCodes loaded: [DB2, Derby, H2, HSQL, Informix, MS-SQL, MySQL, Oracle, PostgreSQL, Sybase, Hana]
2020-05-25 00:34:03,247 2084   [       Thread-1] INFO  port.GenericApplicationContext  - Closing org.springframework.context.support.GenericApplicationContext@747ddf94: startup date [Mon May 25 00:34:01 CST 2020]; root of context hierarchy
2020-05-25 00:34:03,252 2089   [       Thread-1] INFO  aba.druid.pool.DruidDataSource  - {dataSource-1} closed
